  Lab1_AVP.cpp
  Создание кода
  
  --- Анализ функции: main
  d:\nick\nick_documents\visual_studio\lab1_avp\lab1_avp\lab1_avp.cpp(92) : info C5002: цикл не векторизирован по следующей причине: "1200"
  d:\nick\nick_documents\visual_studio\lab1_avp\lab1_avp\lab1_avp.cpp(86) : info C5002: цикл не векторизирован по следующей причине: "1106"
  d:\nick\nick_documents\visual_studio\lab1_avp\lab1_avp\lab1_avp.cpp(106) : info C5002: цикл не векторизирован по следующей причине: "1200"
  d:\nick\nick_documents\visual_studio\lab1_avp\lab1_avp\lab1_avp.cpp(103) : info C5002: цикл не векторизирован по следующей причине: "1106"
  d:\nick\nick_documents\visual_studio\lab1_avp\lab1_avp\lab1_avp.cpp(79) : info C5002: цикл не векторизирован по следующей причине: "1106"
  d:\nick\nick_documents\visual_studio\lab1_avp\lab1_avp\lab1_avp.cpp(72) : info C5002: цикл не векторизирован по следующей причине: "1106"
  d:\nick\nick_documents\visual_studio\lab1_avp\lab1_avp\lab1_avp.cpp(130) : info C5001: векторизированный цикл
  d:\nick\nick_documents\visual_studio\lab1_avp\lab1_avp\lab1_avp.cpp(126) : info C5002: цикл не векторизирован по следующей причине: "1106"
  d:\nick\nick_documents\visual_studio\lab1_avp\lab1_avp\lab1_avp.cpp(124) : info C5002: цикл не векторизирован по следующей причине: "1106"
  d:\nick\nick_documents\visual_studio\lab1_avp\lab1_avp\lab1_avp.cpp(122) : info C5002: цикл не векторизирован по следующей причине: "1106"
  d:\nick\nick_documents\visual_studio\lab1_avp\lab1_avp\lab1_avp.cpp(120) : info C5002: цикл не векторизирован по следующей причине: "1106"
  d:\nick\nick_documents\visual_studio\lab1_avp\lab1_avp\lab1_avp.cpp(118) : info C5002: цикл не векторизирован по следующей причине: "1106"
  d:\nick\nick_documents\visual_studio\lab1_avp\lab1_avp\lab1_avp.cpp(22) : info C5002: цикл не векторизирован по следующей причине: "1105"
  d:\nick\nick_documents\visual_studio\lab1_avp\lab1_avp\lab1_avp.cpp(17) : info C5002: цикл не векторизирован по следующей причине: "1106"
  d:\nick\nick_documents\visual_studio\lab1_avp\lab1_avp\lab1_avp.cpp(156) : info C5002: цикл не векторизирован по следующей причине: "1400"
  d:\nick\nick_documents\visual_studio\lab1_avp\lab1_avp\lab1_avp.cpp(153) : info C5002: цикл не векторизирован по следующей причине: "1106"
  d:\nick\nick_documents\visual_studio\lab1_avp\lab1_avp\lab1_avp.cpp(151) : info C5002: цикл не векторизирован по следующей причине: "1106"
  d:\nick\nick_documents\visual_studio\lab1_avp\lab1_avp\lab1_avp.cpp(149) : info C5002: цикл не векторизирован по следующей причине: "1106"
  d:\nick\nick_documents\visual_studio\lab1_avp\lab1_avp\lab1_avp.cpp(147) : info C5002: цикл не векторизирован по следующей причине: "1106"
  d:\nick\nick_documents\visual_studio\lab1_avp\lab1_avp\lab1_avp.cpp(44) : info C5002: цикл не векторизирован по следующей причине: "1200"
  d:\nick\nick_documents\visual_studio\lab1_avp\lab1_avp\lab1_avp.cpp(41) : info C5002: цикл не векторизирован по следующей причине: "1106"
  d:\nick\nick_documents\visual_studio\lab1_avp\lab1_avp\lab1_avp.cpp(54) : info C5002: цикл не векторизирован по следующей причине: "1105"
  d:\nick\nick_documents\visual_studio\lab1_avp\lab1_avp\lab1_avp.cpp(182) : info C5002: цикл не векторизирован по следующей причине: "1106"
  d:\nick\nick_documents\visual_studio\lab1_avp\lab1_avp\lab1_avp.cpp(180) : info C5002: цикл не векторизирован по следующей причине: "1106"
  d:\nick\nick_documents\visual_studio\lab1_avp\lab1_avp\lab1_avp.cpp(178) : info C5002: цикл не векторизирован по следующей причине: "1106"
  d:\nick\nick_documents\visual_studio\lab1_avp\lab1_avp\lab1_avp.cpp(176) : info C5002: цикл не векторизирован по следующей причине: "1106"
  d:\nick\nick_documents\visual_studio\lab1_avp\lab1_avp\lab1_avp.cpp(174) : info C5002: цикл не векторизирован по следующей причине: "1106"
  1 of 7 functions (14.3%) were compiled, the rest were copied from previous compilation.
    0 functions were new in current compilation
    0 functions had inline decision re-evaluated but remain unchanged
  Создание кода завершено
  Lab1_AVP.vcxproj -> D:\Nick\Nick_Documents\Visual_Studio\Lab1_AVP\x64\Release\Lab1_AVP.exe
